{
  "C:\\Users\\gabri\\Documents\\API\\exam-web\\server\\app.ts": {
    "path": "C:\\Users\\gabri\\Documents\\API\\exam-web\\server\\app.ts",
    "statementMap": {
      "0": {
        "start": { "line": 2, "column": 22 },
        "end": { "line": 12, "column": 3 }
      },
      "1": {
        "start": { "line": 3, "column": 4 },
        "end": { "line": 3, "column": 33 }
      },
      "2": {
        "start": { "line": 3, "column": 26 },
        "end": { "line": 3, "column": 33 }
      },
      "3": {
        "start": { "line": 4, "column": 15 },
        "end": { "line": 4, "column": 52 }
      },
      "4": {
        "start": { "line": 5, "column": 4 },
        "end": { "line": 7, "column": 5 }
      },
      "5": {
        "start": { "line": 6, "column": 6 },
        "end": { "line": 6, "column": 68 }
      },
      "6": {
        "start": { "line": 6, "column": 51 },
        "end": { "line": 6, "column": 63 }
      },
      "7": {
        "start": { "line": 8, "column": 4 },
        "end": { "line": 8, "column": 39 }
      },
      "8": {
        "start": { "line": 10, "column": 4 },
        "end": { "line": 10, "column": 33 }
      },
      "9": {
        "start": { "line": 10, "column": 26 },
        "end": { "line": 10, "column": 33 }
      },
      "10": {
        "start": { "line": 11, "column": 4 },
        "end": { "line": 11, "column": 17 }
      },
      "11": {
        "start": { "line": 13, "column": 25 },
        "end": { "line": 17, "column": 2 }
      },
      "12": {
        "start": { "line": 14, "column": 4 },
        "end": { "line": 14, "column": 72 }
      },
      "13": {
        "start": { "line": 16, "column": 4 },
        "end": { "line": 16, "column": 21 }
      },
      "14": {
        "start": { "line": 18, "column": 19 },
        "end": { "line": 24, "column": 1 }
      },
      "15": {
        "start": { "line": 19, "column": 4 },
        "end": { "line": 19, "column": 42 }
      },
      "16": {
        "start": { "line": 19, "column": 31 },
        "end": { "line": 19, "column": 42 }
      },
      "17": {
        "start": { "line": 20, "column": 17 },
        "end": { "line": 20, "column": 19 }
      },
      "18": {
        "start": { "line": 21, "column": 4 },
        "end": { "line": 21, "column": 141 }
      },
      "19": {
        "start": { "line": 21, "column": 21 },
        "end": { "line": 21, "column": 141 }
      },
      "20": {
        "start": { "line": 21, "column": 40 },
        "end": { "line": 21, "column": 141 }
      },
      "21": {
        "start": { "line": 21, "column": 109 },
        "end": { "line": 21, "column": 141 }
      },
      "22": {
        "start": { "line": 22, "column": 4 },
        "end": { "line": 22, "column": 36 }
      },
      "23": {
        "start": { "line": 23, "column": 4 },
        "end": { "line": 23, "column": 18 }
      },
      "24": {
        "start": { "line": 25, "column": 22 },
        "end": { "line": 27, "column": 1 }
      },
      "25": {
        "start": { "line": 26, "column": 4 },
        "end": { "line": 26, "column": 62 }
      },
      "26": {
        "start": { "line": 28, "column": 0 },
        "end": { "line": 28, "column": 62 }
      },
      "27": {
        "start": { "line": 29, "column": 18 },
        "end": { "line": 29, "column": 53 }
      },
      "28": {
        "start": { "line": 30, "column": 13 },
        "end": { "line": 30, "column": 42 }
      },
      "29": {
        "start": { "line": 31, "column": 14 },
        "end": { "line": 31, "column": 28 }
      },
      "30": {
        "start": { "line": 32, "column": 18 },
        "end": { "line": 32, "column": 42 }
      },
      "31": {
        "start": { "line": 33, "column": 19 },
        "end": { "line": 33, "column": 44 }
      },
      "32": {
        "start": { "line": 34, "column": 22 },
        "end": { "line": 34, "column": 61 }
      },
      "33": {
        "start": { "line": 35, "column": 24 },
        "end": { "line": 35, "column": 65 }
      },
      "34": {
        "start": { "line": 36, "column": 17 },
        "end": { "line": 55, "column": 1 }
      },
      "35": {
        "start": { "line": 37, "column": 16 },
        "end": { "line": 37, "column": 40 }
      },
      "36": {
        "start": { "line": 38, "column": 17 },
        "end": { "line": 38, "column": 74 }
      },
      "37": {
        "start": { "line": 39, "column": 22 },
        "end": { "line": 39, "column": 40 }
      },
      "38": {
        "start": { "line": 40, "column": 4 },
        "end": { "line": 40, "column": 42 }
      },
      "39": {
        "start": { "line": 41, "column": 4 },
        "end": { "line": 41, "column": 69 }
      },
      "40": {
        "start": { "line": 42, "column": 4 },
        "end": { "line": 42, "column": 56 }
      },
      "41": {
        "start": { "line": 44, "column": 4 },
        "end": { "line": 51, "column": 7 }
      },
      "42": {
        "start": { "line": 45, "column": 8 },
        "end": { "line": 50, "column": 9 }
      },
      "43": {
        "start": { "line": 46, "column": 12 },
        "end": { "line": 46, "column": 68 }
      },
      "44": {
        "start": { "line": 49, "column": 12 },
        "end": { "line": 49, "column": 19 }
      },
      "45": {
        "start": { "line": 52, "column": 4 },
        "end": { "line": 52, "column": 51 }
      },
      "46": {
        "start": { "line": 53, "column": 4 },
        "end": { "line": 53, "column": 54 }
      },
      "47": {
        "start": { "line": 54, "column": 4 },
        "end": { "line": 54, "column": 15 }
      },
      "48": {
        "start": { "line": 56, "column": 0 },
        "end": { "line": 56, "column": 29 }
      }
    },
    "fnMap": {
      "0": {
        "name": "(anonymous_0)",
        "decl": {
          "start": { "line": 2, "column": 74 },
          "end": { "line": 2, "column": 75 }
        },
        "loc": {
          "start": { "line": 2, "column": 96 },
          "end": { "line": 9, "column": 1 }
        },
        "line": 2
      },
      "1": {
        "name": "(anonymous_1)",
        "decl": {
          "start": { "line": 6, "column": 38 },
          "end": { "line": 6, "column": 39 }
        },
        "loc": {
          "start": { "line": 6, "column": 49 },
          "end": { "line": 6, "column": 65 }
        },
        "line": 6
      },
      "2": {
        "name": "(anonymous_2)",
        "decl": {
          "start": { "line": 9, "column": 6 },
          "end": { "line": 9, "column": 7 }
        },
        "loc": {
          "start": { "line": 9, "column": 28 },
          "end": { "line": 12, "column": 1 }
        },
        "line": 9
      },
      "3": {
        "name": "(anonymous_3)",
        "decl": {
          "start": { "line": 13, "column": 80 },
          "end": { "line": 13, "column": 81 }
        },
        "loc": {
          "start": { "line": 13, "column": 95 },
          "end": { "line": 15, "column": 1 }
        },
        "line": 13
      },
      "4": {
        "name": "(anonymous_4)",
        "decl": {
          "start": { "line": 15, "column": 5 },
          "end": { "line": 15, "column": 6 }
        },
        "loc": {
          "start": { "line": 15, "column": 20 },
          "end": { "line": 17, "column": 1 }
        },
        "line": 15
      },
      "5": {
        "name": "(anonymous_5)",
        "decl": {
          "start": { "line": 18, "column": 50 },
          "end": { "line": 18, "column": 51 }
        },
        "loc": {
          "start": { "line": 18, "column": 65 },
          "end": { "line": 24, "column": 1 }
        },
        "line": 18
      },
      "6": {
        "name": "(anonymous_6)",
        "decl": {
          "start": { "line": 25, "column": 56 },
          "end": { "line": 25, "column": 57 }
        },
        "loc": {
          "start": { "line": 25, "column": 71 },
          "end": { "line": 27, "column": 1 }
        },
        "line": 25
      },
      "7": {
        "name": "(anonymous_7)",
        "decl": {
          "start": { "line": 36, "column": 17 },
          "end": { "line": 36, "column": 18 }
        },
        "loc": {
          "start": { "line": 36, "column": 23 },
          "end": { "line": 55, "column": 1 }
        },
        "line": 36
      },
      "8": {
        "name": "(anonymous_8)",
        "decl": {
          "start": { "line": 44, "column": 12 },
          "end": { "line": 44, "column": 13 }
        },
        "loc": {
          "start": { "line": 44, "column": 32 },
          "end": { "line": 51, "column": 5 }
        },
        "line": 44
      }
    },
    "branchMap": {
      "0": {
        "loc": {
          "start": { "line": 2, "column": 22 },
          "end": { "line": 12, "column": 3 }
        },
        "type": "binary-expr",
        "locations": [
          {
            "start": { "line": 2, "column": 23 },
            "end": { "line": 2, "column": 27 }
          },
          {
            "start": { "line": 2, "column": 31 },
            "end": { "line": 2, "column": 51 }
          },
          {
            "start": { "line": 2, "column": 57 },
            "end": { "line": 12, "column": 2 }
          }
        ],
        "line": 2
      },
      "1": {
        "loc": {
          "start": { "line": 2, "column": 57 },
          "end": { "line": 12, "column": 2 }
        },
        "type": "cond-expr",
        "locations": [
          {
            "start": { "line": 2, "column": 74 },
            "end": { "line": 9, "column": 1 }
          },
          {
            "start": { "line": 9, "column": 6 },
            "end": { "line": 12, "column": 1 }
          }
        ],
        "line": 2
      },
      "2": {
        "loc": {
          "start": { "line": 3, "column": 4 },
          "end": { "line": 3, "column": 33 }
        },
        "type": "if",
        "locations": [
          {
            "start": { "line": 3, "column": 4 },
            "end": { "line": 3, "column": 33 }
          },
          { "start": {}, "end": {} }
        ],
        "line": 3
      },
      "3": {
        "loc": {
          "start": { "line": 5, "column": 4 },
          "end": { "line": 7, "column": 5 }
        },
        "type": "if",
        "locations": [
          {
            "start": { "line": 5, "column": 4 },
            "end": { "line": 7, "column": 5 }
          },
          { "start": {}, "end": {} }
        ],
        "line": 5
      },
      "4": {
        "loc": {
          "start": { "line": 5, "column": 8 },
          "end": { "line": 5, "column": 85 }
        },
        "type": "binary-expr",
        "locations": [
          {
            "start": { "line": 5, "column": 8 },
            "end": { "line": 5, "column": 13 }
          },
          {
            "start": { "line": 5, "column": 18 },
            "end": { "line": 5, "column": 84 }
          }
        ],
        "line": 5
      },
      "5": {
        "loc": {
          "start": { "line": 5, "column": 18 },
          "end": { "line": 5, "column": 84 }
        },
        "type": "cond-expr",
        "locations": [
          {
            "start": { "line": 5, "column": 34 },
            "end": { "line": 5, "column": 47 }
          },
          {
            "start": { "line": 5, "column": 50 },
            "end": { "line": 5, "column": 84 }
          }
        ],
        "line": 5
      },
      "6": {
        "loc": {
          "start": { "line": 5, "column": 50 },
          "end": { "line": 5, "column": 84 }
        },
        "type": "binary-expr",
        "locations": [
          {
            "start": { "line": 5, "column": 50 },
            "end": { "line": 5, "column": 63 }
          },
          {
            "start": { "line": 5, "column": 67 },
            "end": { "line": 5, "column": 84 }
          }
        ],
        "line": 5
      },
      "7": {
        "loc": {
          "start": { "line": 10, "column": 4 },
          "end": { "line": 10, "column": 33 }
        },
        "type": "if",
        "locations": [
          {
            "start": { "line": 10, "column": 4 },
            "end": { "line": 10, "column": 33 }
          },
          { "start": {}, "end": {} }
        ],
        "line": 10
      },
      "8": {
        "loc": {
          "start": { "line": 13, "column": 25 },
          "end": { "line": 17, "column": 2 }
        },
        "type": "binary-expr",
        "locations": [
          {
            "start": { "line": 13, "column": 26 },
            "end": { "line": 13, "column": 30 }
          },
          {
            "start": { "line": 13, "column": 34 },
            "end": { "line": 13, "column": 57 }
          },
          {
            "start": { "line": 13, "column": 63 },
            "end": { "line": 17, "column": 1 }
          }
        ],
        "line": 13
      },
      "9": {
        "loc": {
          "start": { "line": 13, "column": 63 },
          "end": { "line": 17, "column": 1 }
        },
        "type": "cond-expr",
        "locations": [
          {
            "start": { "line": 13, "column": 80 },
            "end": { "line": 15, "column": 1 }
          },
          {
            "start": { "line": 15, "column": 5 },
            "end": { "line": 17, "column": 1 }
          }
        ],
        "line": 13
      },
      "10": {
        "loc": {
          "start": { "line": 18, "column": 19 },
          "end": { "line": 24, "column": 1 }
        },
        "type": "binary-expr",
        "locations": [
          {
            "start": { "line": 18, "column": 20 },
            "end": { "line": 18, "column": 24 }
          },
          {
            "start": { "line": 18, "column": 28 },
            "end": { "line": 18, "column": 45 }
          },
          {
            "start": { "line": 18, "column": 50 },
            "end": { "line": 24, "column": 1 }
          }
        ],
        "line": 18
      },
      "11": {
        "loc": {
          "start": { "line": 19, "column": 4 },
          "end": { "line": 19, "column": 42 }
        },
        "type": "if",
        "locations": [
          {
            "start": { "line": 19, "column": 4 },
            "end": { "line": 19, "column": 42 }
          },
          { "start": {}, "end": {} }
        ],
        "line": 19
      },
      "12": {
        "loc": {
          "start": { "line": 19, "column": 8 },
          "end": { "line": 19, "column": 29 }
        },
        "type": "binary-expr",
        "locations": [
          {
            "start": { "line": 19, "column": 8 },
            "end": { "line": 19, "column": 11 }
          },
          {
            "start": { "line": 19, "column": 15 },
            "end": { "line": 19, "column": 29 }
          }
        ],
        "line": 19
      },
      "13": {
        "loc": {
          "start": { "line": 21, "column": 4 },
          "end": { "line": 21, "column": 141 }
        },
        "type": "if",
        "locations": [
          {
            "start": { "line": 21, "column": 4 },
            "end": { "line": 21, "column": 141 }
          },
          { "start": {}, "end": {} }
        ],
        "line": 21
      },
      "14": {
        "loc": {
          "start": { "line": 21, "column": 40 },
          "end": { "line": 21, "column": 141 }
        },
        "type": "if",
        "locations": [
          {
            "start": { "line": 21, "column": 40 },
            "end": { "line": 21, "column": 141 }
          },
          { "start": {}, "end": {} }
        ],
        "line": 21
      },
      "15": {
        "loc": {
          "start": { "line": 21, "column": 44 },
          "end": { "line": 21, "column": 107 }
        },
        "type": "binary-expr",
        "locations": [
          {
            "start": { "line": 21, "column": 44 },
            "end": { "line": 21, "column": 59 }
          },
          {
            "start": { "line": 21, "column": 63 },
            "end": { "line": 21, "column": 107 }
          }
        ],
        "line": 21
      },
      "16": {
        "loc": {
          "start": { "line": 25, "column": 22 },
          "end": { "line": 27, "column": 1 }
        },
        "type": "binary-expr",
        "locations": [
          {
            "start": { "line": 25, "column": 23 },
            "end": { "line": 25, "column": 27 }
          },
          {
            "start": { "line": 25, "column": 31 },
            "end": { "line": 25, "column": 51 }
          },
          {
            "start": { "line": 25, "column": 56 },
            "end": { "line": 27, "column": 1 }
          }
        ],
        "line": 25
      },
      "17": {
        "loc": {
          "start": { "line": 26, "column": 11 },
          "end": { "line": 26, "column": 61 }
        },
        "type": "cond-expr",
        "locations": [
          {
            "start": { "line": 26, "column": 37 },
            "end": { "line": 26, "column": 40 }
          },
          {
            "start": { "line": 26, "column": 43 },
            "end": { "line": 26, "column": 61 }
          }
        ],
        "line": 26
      },
      "18": {
        "loc": {
          "start": { "line": 26, "column": 12 },
          "end": { "line": 26, "column": 33 }
        },
        "type": "binary-expr",
        "locations": [
          {
            "start": { "line": 26, "column": 12 },
            "end": { "line": 26, "column": 15 }
          },
          {
            "start": { "line": 26, "column": 19 },
            "end": { "line": 26, "column": 33 }
          }
        ],
        "line": 26
      },
      "19": {
        "loc": {
          "start": { "line": 45, "column": 8 },
          "end": { "line": 50, "column": 9 }
        },
        "type": "if",
        "locations": [
          {
            "start": { "line": 45, "column": 8 },
            "end": { "line": 50, "column": 9 }
          },
          {
            "start": { "line": 48, "column": 13 },
            "end": { "line": 50, "column": 9 }
          }
        ],
        "line": 45
      },
      "20": {
        "loc": {
          "start": { "line": 45, "column": 12 },
          "end": { "line": 45, "column": 64 }
        },
        "type": "binary-expr",
        "locations": [
          {
            "start": { "line": 45, "column": 12 },
            "end": { "line": 45, "column": 32 }
          },
          {
            "start": { "line": 45, "column": 36 },
            "end": { "line": 45, "column": 64 }
          }
        ],
        "line": 45
      }
    },
    "s": {
      "0": 1,
      "1": 16,
      "2": 16,
      "3": 16,
      "4": 16,
      "5": 16,
      "6": 2,
      "7": 16,
      "8": 0,
      "9": 0,
      "10": 0,
      "11": 1,
      "12": 1,
      "13": 0,
      "14": 1,
      "15": 1,
      "16": 0,
      "17": 1,
      "18": 1,
      "19": 1,
      "20": 16,
      "21": 16,
      "22": 1,
      "23": 1,
      "24": 1,
      "25": 3,
      "26": 1,
      "27": 1,
      "28": 1,
      "29": 1,
      "30": 1,
      "31": 1,
      "32": 1,
      "33": 1,
      "34": 1,
      "35": 1,
      "36": 1,
      "37": 1,
      "38": 1,
      "39": 1,
      "40": 1,
      "41": 1,
      "42": 2,
      "43": 0,
      "44": 2,
      "45": 1,
      "46": 1,
      "47": 1,
      "48": 1
    },
    "f": {
      "0": 16,
      "1": 2,
      "2": 0,
      "3": 1,
      "4": 0,
      "5": 1,
      "6": 3,
      "7": 1,
      "8": 2
    },
    "b": {
      "0": [1, 1, 1],
      "1": [1, 0],
      "2": [16, 0],
      "3": [16, 0],
      "4": [16, 16],
      "5": [0, 16],
      "6": [16, 0],
      "7": [0, 0],
      "8": [1, 1, 1],
      "9": [1, 0],
      "10": [1, 1, 1],
      "11": [0, 1],
      "12": [1, 1],
      "13": [1, 0],
      "14": [16, 0],
      "15": [16, 16],
      "16": [1, 1, 1],
      "17": [0, 3],
      "18": [3, 3],
      "19": [0, 2],
      "20": [2, 1]
    },
    "inputSourceMap": null,
    "_coverageSchema": "1a1c01bbd47fc00a2c39e90264f33305004495a9",
    "hash": "ba39b1ac260386139a8aa5cfcb2f42e5ce6b47e2"
  },
  "C:\\Users\\gabri\\Documents\\API\\exam-web\\server\\api\\loginApi.ts": {
    "path": "C:\\Users\\gabri\\Documents\\API\\exam-web\\server\\api\\loginApi.ts",
    "statementMap": {
      "0": {
        "start": { "line": 2, "column": 0 },
        "end": { "line": 2, "column": 62 }
      },
      "1": {
        "start": { "line": 3, "column": 0 },
        "end": { "line": 3, "column": 26 }
      },
      "2": {
        "start": { "line": 4, "column": 18 },
        "end": { "line": 4, "column": 36 }
      },
      "3": {
        "start": { "line": 5, "column": 26 },
        "end": { "line": 5, "column": 67 }
      },
      "4": {
        "start": { "line": 6, "column": 15 },
        "end": { "line": 6, "column": 38 }
      },
      "5": {
        "start": { "line": 7, "column": 17 },
        "end": { "line": 12, "column": 1 }
      },
      "6": {
        "start": { "line": 8, "column": 4 },
        "end": { "line": 8, "column": 51 }
      },
      "7": {
        "start": { "line": 9, "column": 4 },
        "end": { "line": 9, "column": 50 }
      },
      "8": {
        "start": { "line": 10, "column": 4 },
        "end": { "line": 10, "column": 56 }
      },
      "9": {
        "start": { "line": 11, "column": 4 },
        "end": { "line": 11, "column": 18 }
      },
      "10": {
        "start": { "line": 13, "column": 0 },
        "end": { "line": 13, "column": 28 }
      }
    },
    "fnMap": {
      "0": {
        "name": "(anonymous_0)",
        "decl": {
          "start": { "line": 7, "column": 17 },
          "end": { "line": 7, "column": 18 }
        },
        "loc": {
          "start": { "line": 7, "column": 23 },
          "end": { "line": 12, "column": 1 }
        },
        "line": 7
      }
    },
    "branchMap": {},
    "s": {
      "0": 1,
      "1": 1,
      "2": 1,
      "3": 1,
      "4": 1,
      "5": 1,
      "6": 1,
      "7": 1,
      "8": 1,
      "9": 1,
      "10": 1
    },
    "f": { "0": 1 },
    "b": {},
    "inputSourceMap": null,
    "_coverageSchema": "1a1c01bbd47fc00a2c39e90264f33305004495a9",
    "hash": "6706a01c3f7f6e50927d316ae8e8e9eb09fe2c7d"
  },
  "C:\\Users\\gabri\\Documents\\API\\exam-web\\server\\api\\newsApi.ts": {
    "path": "C:\\Users\\gabri\\Documents\\API\\exam-web\\server\\api\\newsApi.ts",
    "statementMap": {
      "0": {
        "start": { "line": 2, "column": 16 },
        "end": { "line": 10, "column": 1 }
      },
      "1": {
        "start": { "line": 3, "column": 28 },
        "end": { "line": 3, "column": 110 }
      },
      "2": {
        "start": { "line": 3, "column": 91 },
        "end": { "line": 3, "column": 106 }
      },
      "3": {
        "start": { "line": 4, "column": 4 },
        "end": { "line": 9, "column": 7 }
      },
      "4": {
        "start": { "line": 5, "column": 36 },
        "end": { "line": 5, "column": 97 }
      },
      "5": {
        "start": { "line": 5, "column": 42 },
        "end": { "line": 5, "column": 70 }
      },
      "6": {
        "start": { "line": 5, "column": 85 },
        "end": { "line": 5, "column": 95 }
      },
      "7": {
        "start": { "line": 6, "column": 35 },
        "end": { "line": 6, "column": 100 }
      },
      "8": {
        "start": { "line": 6, "column": 41 },
        "end": { "line": 6, "column": 73 }
      },
      "9": {
        "start": { "line": 6, "column": 88 },
        "end": { "line": 6, "column": 98 }
      },
      "10": {
        "start": { "line": 7, "column": 32 },
        "end": { "line": 7, "column": 116 }
      },
      "11": {
        "start": { "line": 8, "column": 8 },
        "end": { "line": 8, "column": 78 }
      },
      "12": {
        "start": { "line": 11, "column": 22 },
        "end": { "line": 13, "column": 1 }
      },
      "13": {
        "start": { "line": 12, "column": 4 },
        "end": { "line": 12, "column": 62 }
      },
      "14": {
        "start": { "line": 14, "column": 0 },
        "end": { "line": 14, "column": 62 }
      },
      "15": {
        "start": { "line": 15, "column": 0 },
        "end": { "line": 15, "column": 25 }
      },
      "16": {
        "start": { "line": 16, "column": 18 },
        "end": { "line": 16, "column": 53 }
      },
      "17": {
        "start": { "line": 17, "column": 28 },
        "end": { "line": 17, "column": 71 }
      },
      "18": {
        "start": { "line": 18, "column": 16 },
        "end": { "line": 35, "column": 1 }
      },
      "19": {
        "start": { "line": 19, "column": 19 },
        "end": { "line": 19, "column": 45 }
      },
      "20": {
        "start": { "line": 20, "column": 4 },
        "end": { "line": 24, "column": 8 }
      },
      "21": {
        "start": { "line": 20, "column": 34 },
        "end": { "line": 24, "column": 6 }
      },
      "22": {
        "start": { "line": 21, "column": 25 },
        "end": { "line": 21, "column": 69 }
      },
      "23": {
        "start": { "line": 22, "column": 8 },
        "end": { "line": 22, "column": 42 }
      },
      "24": {
        "start": { "line": 23, "column": 8 },
        "end": { "line": 23, "column": 34 }
      },
      "25": {
        "start": { "line": 25, "column": 4 },
        "end": { "line": 32, "column": 8 }
      },
      "26": {
        "start": { "line": 25, "column": 35 },
        "end": { "line": 32, "column": 6 }
      },
      "27": {
        "start": { "line": 26, "column": 8 },
        "end": { "line": 31, "column": 11 }
      },
      "28": {
        "start": { "line": 33, "column": 4 },
        "end": { "line": 33, "column": 174 }
      },
      "29": {
        "start": { "line": 33, "column": 41 },
        "end": { "line": 33, "column": 172 }
      },
      "30": {
        "start": { "line": 33, "column": 90 },
        "end": { "line": 33, "column": 169 }
      },
      "31": {
        "start": { "line": 34, "column": 4 },
        "end": { "line": 34, "column": 18 }
      },
      "32": {
        "start": { "line": 36, "column": 0 },
        "end": { "line": 36, "column": 26 }
      }
    },
    "fnMap": {
      "0": {
        "name": "(anonymous_0)",
        "decl": {
          "start": { "line": 2, "column": 44 },
          "end": { "line": 2, "column": 45 }
        },
        "loc": {
          "start": { "line": 2, "column": 89 },
          "end": { "line": 10, "column": 1 }
        },
        "line": 2
      },
      "1": {
        "name": "adopt",
        "decl": {
          "start": { "line": 3, "column": 13 },
          "end": { "line": 3, "column": 18 }
        },
        "loc": {
          "start": { "line": 3, "column": 26 },
          "end": { "line": 3, "column": 112 }
        },
        "line": 3
      },
      "2": {
        "name": "(anonymous_2)",
        "decl": {
          "start": { "line": 3, "column": 70 },
          "end": { "line": 3, "column": 71 }
        },
        "loc": {
          "start": { "line": 3, "column": 89 },
          "end": { "line": 3, "column": 108 }
        },
        "line": 3
      },
      "3": {
        "name": "(anonymous_3)",
        "decl": {
          "start": { "line": 4, "column": 36 },
          "end": { "line": 4, "column": 37 }
        },
        "loc": {
          "start": { "line": 4, "column": 63 },
          "end": { "line": 9, "column": 5 }
        },
        "line": 4
      },
      "4": {
        "name": "fulfilled",
        "decl": {
          "start": { "line": 5, "column": 17 },
          "end": { "line": 5, "column": 26 }
        },
        "loc": {
          "start": { "line": 5, "column": 34 },
          "end": { "line": 5, "column": 99 }
        },
        "line": 5
      },
      "5": {
        "name": "rejected",
        "decl": {
          "start": { "line": 6, "column": 17 },
          "end": { "line": 6, "column": 25 }
        },
        "loc": {
          "start": { "line": 6, "column": 33 },
          "end": { "line": 6, "column": 102 }
        },
        "line": 6
      },
      "6": {
        "name": "step",
        "decl": {
          "start": { "line": 7, "column": 17 },
          "end": { "line": 7, "column": 21 }
        },
        "loc": {
          "start": { "line": 7, "column": 30 },
          "end": { "line": 7, "column": 118 }
        },
        "line": 7
      },
      "7": {
        "name": "(anonymous_7)",
        "decl": {
          "start": { "line": 11, "column": 56 },
          "end": { "line": 11, "column": 57 }
        },
        "loc": {
          "start": { "line": 11, "column": 71 },
          "end": { "line": 13, "column": 1 }
        },
        "line": 11
      },
      "8": {
        "name": "(anonymous_8)",
        "decl": {
          "start": { "line": 18, "column": 16 },
          "end": { "line": 18, "column": 17 }
        },
        "loc": {
          "start": { "line": 18, "column": 22 },
          "end": { "line": 35, "column": 1 }
        },
        "line": 18
      },
      "9": {
        "name": "(anonymous_9)",
        "decl": {
          "start": { "line": 20, "column": 20 },
          "end": { "line": 20, "column": 21 }
        },
        "loc": {
          "start": { "line": 20, "column": 34 },
          "end": { "line": 24, "column": 6 }
        },
        "line": 20
      },
      "10": {
        "name": "(anonymous_10)",
        "decl": {
          "start": { "line": 20, "column": 68 },
          "end": { "line": 20, "column": 69 }
        },
        "loc": {
          "start": { "line": 20, "column": 81 },
          "end": { "line": 24, "column": 5 }
        },
        "line": 20
      },
      "11": {
        "name": "(anonymous_11)",
        "decl": {
          "start": { "line": 25, "column": 21 },
          "end": { "line": 25, "column": 22 }
        },
        "loc": {
          "start": { "line": 25, "column": 35 },
          "end": { "line": 32, "column": 6 }
        },
        "line": 25
      },
      "12": {
        "name": "(anonymous_12)",
        "decl": {
          "start": { "line": 25, "column": 69 },
          "end": { "line": 25, "column": 70 }
        },
        "loc": {
          "start": { "line": 25, "column": 82 },
          "end": { "line": 32, "column": 5 }
        },
        "line": 25
      },
      "13": {
        "name": "(anonymous_13)",
        "decl": {
          "start": { "line": 33, "column": 27 },
          "end": { "line": 33, "column": 28 }
        },
        "loc": {
          "start": { "line": 33, "column": 41 },
          "end": { "line": 33, "column": 172 }
        },
        "line": 33
      },
      "14": {
        "name": "(anonymous_14)",
        "decl": {
          "start": { "line": 33, "column": 75 },
          "end": { "line": 33, "column": 76 }
        },
        "loc": {
          "start": { "line": 33, "column": 88 },
          "end": { "line": 33, "column": 171 }
        },
        "line": 33
      }
    },
    "branchMap": {
      "0": {
        "loc": {
          "start": { "line": 2, "column": 16 },
          "end": { "line": 10, "column": 1 }
        },
        "type": "binary-expr",
        "locations": [
          {
            "start": { "line": 2, "column": 17 },
            "end": { "line": 2, "column": 21 }
          },
          {
            "start": { "line": 2, "column": 25 },
            "end": { "line": 2, "column": 39 }
          },
          {
            "start": { "line": 2, "column": 44 },
            "end": { "line": 10, "column": 1 }
          }
        ],
        "line": 2
      },
      "1": {
        "loc": {
          "start": { "line": 3, "column": 35 },
          "end": { "line": 3, "column": 109 }
        },
        "type": "cond-expr",
        "locations": [
          {
            "start": { "line": 3, "column": 56 },
            "end": { "line": 3, "column": 61 }
          },
          {
            "start": { "line": 3, "column": 64 },
            "end": { "line": 3, "column": 109 }
          }
        ],
        "line": 3
      },
      "2": {
        "loc": {
          "start": { "line": 4, "column": 16 },
          "end": { "line": 4, "column": 34 }
        },
        "type": "binary-expr",
        "locations": [
          {
            "start": { "line": 4, "column": 16 },
            "end": { "line": 4, "column": 17 }
          },
          {
            "start": { "line": 4, "column": 22 },
            "end": { "line": 4, "column": 33 }
          }
        ],
        "line": 4
      },
      "3": {
        "loc": {
          "start": { "line": 7, "column": 32 },
          "end": { "line": 7, "column": 115 }
        },
        "type": "cond-expr",
        "locations": [
          {
            "start": { "line": 7, "column": 46 },
            "end": { "line": 7, "column": 67 }
          },
          {
            "start": { "line": 7, "column": 70 },
            "end": { "line": 7, "column": 115 }
          }
        ],
        "line": 7
      },
      "4": {
        "loc": {
          "start": { "line": 8, "column": 51 },
          "end": { "line": 8, "column": 67 }
        },
        "type": "binary-expr",
        "locations": [
          {
            "start": { "line": 8, "column": 51 },
            "end": { "line": 8, "column": 61 }
          },
          {
            "start": { "line": 8, "column": 65 },
            "end": { "line": 8, "column": 67 }
          }
        ],
        "line": 8
      },
      "5": {
        "loc": {
          "start": { "line": 11, "column": 22 },
          "end": { "line": 13, "column": 1 }
        },
        "type": "binary-expr",
        "locations": [
          {
            "start": { "line": 11, "column": 23 },
            "end": { "line": 11, "column": 27 }
          },
          {
            "start": { "line": 11, "column": 31 },
            "end": { "line": 11, "column": 51 }
          },
          {
            "start": { "line": 11, "column": 56 },
            "end": { "line": 13, "column": 1 }
          }
        ],
        "line": 11
      },
      "6": {
        "loc": {
          "start": { "line": 12, "column": 11 },
          "end": { "line": 12, "column": 61 }
        },
        "type": "cond-expr",
        "locations": [
          {
            "start": { "line": 12, "column": 37 },
            "end": { "line": 12, "column": 40 }
          },
          {
            "start": { "line": 12, "column": 43 },
            "end": { "line": 12, "column": 61 }
          }
        ],
        "line": 12
      },
      "7": {
        "loc": {
          "start": { "line": 12, "column": 12 },
          "end": { "line": 12, "column": 33 }
        },
        "type": "binary-expr",
        "locations": [
          {
            "start": { "line": 12, "column": 12 },
            "end": { "line": 12, "column": 15 }
          },
          {
            "start": { "line": 12, "column": 19 },
            "end": { "line": 12, "column": 33 }
          }
        ],
        "line": 12
      }
    },
    "s": {
      "0": 1,
      "1": 0,
      "2": 0,
      "3": 0,
      "4": 0,
      "5": 0,
      "6": 0,
      "7": 0,
      "8": 0,
      "9": 0,
      "10": 0,
      "11": 0,
      "12": 1,
      "13": 1,
      "14": 1,
      "15": 1,
      "16": 1,
      "17": 1,
      "18": 1,
      "19": 1,
      "20": 1,
      "21": 0,
      "22": 0,
      "23": 0,
      "24": 0,
      "25": 1,
      "26": 0,
      "27": 0,
      "28": 1,
      "29": 0,
      "30": 0,
      "31": 1,
      "32": 1
    },
    "f": {
      "0": 0,
      "1": 0,
      "2": 0,
      "3": 0,
      "4": 0,
      "5": 0,
      "6": 0,
      "7": 1,
      "8": 1,
      "9": 0,
      "10": 0,
      "11": 0,
      "12": 0,
      "13": 0,
      "14": 0
    },
    "b": {
      "0": [1, 1, 1],
      "1": [0, 0],
      "2": [0, 0],
      "3": [0, 0],
      "4": [0, 0],
      "5": [1, 1, 1],
      "6": [0, 1],
      "7": [1, 1]
    },
    "inputSourceMap": null,
    "_coverageSchema": "1a1c01bbd47fc00a2c39e90264f33305004495a9",
    "hash": "75dbc414db195c686daa369b3a2c9071edfbb9b4"
  },
  "C:\\Users\\gabri\\Documents\\API\\exam-web\\server\\controllers\\articleController.ts": {
    "path": "C:\\Users\\gabri\\Documents\\API\\exam-web\\server\\controllers\\articleController.ts",
    "statementMap": {
      "0": {
        "start": { "line": 2, "column": 16 },
        "end": { "line": 10, "column": 1 }
      },
      "1": {
        "start": { "line": 3, "column": 28 },
        "end": { "line": 3, "column": 110 }
      },
      "2": {
        "start": { "line": 3, "column": 91 },
        "end": { "line": 3, "column": 106 }
      },
      "3": {
        "start": { "line": 4, "column": 4 },
        "end": { "line": 9, "column": 7 }
      },
      "4": {
        "start": { "line": 5, "column": 36 },
        "end": { "line": 5, "column": 97 }
      },
      "5": {
        "start": { "line": 5, "column": 42 },
        "end": { "line": 5, "column": 70 }
      },
      "6": {
        "start": { "line": 5, "column": 85 },
        "end": { "line": 5, "column": 95 }
      },
      "7": {
        "start": { "line": 6, "column": 35 },
        "end": { "line": 6, "column": 100 }
      },
      "8": {
        "start": { "line": 6, "column": 41 },
        "end": { "line": 6, "column": 73 }
      },
      "9": {
        "start": { "line": 6, "column": 88 },
        "end": { "line": 6, "column": 98 }
      },
      "10": {
        "start": { "line": 7, "column": 32 },
        "end": { "line": 7, "column": 116 }
      },
      "11": {
        "start": { "line": 8, "column": 8 },
        "end": { "line": 8, "column": 78 }
      },
      "12": {
        "start": { "line": 11, "column": 0 },
        "end": { "line": 11, "column": 62 }
      },
      "13": {
        "start": { "line": 12, "column": 0 },
        "end": { "line": 12, "column": 77 }
      },
      "14": {
        "start": { "line": 13, "column": 19 },
        "end": { "line": 13, "column": 50 }
      },
      "15": {
        "start": { "line": 14, "column": 20 },
        "end": { "line": 27, "column": 2 }
      },
      "16": {
        "start": { "line": 14, "column": 26 },
        "end": { "line": 27, "column": 2 }
      },
      "17": {
        "start": { "line": 15, "column": 4 },
        "end": { "line": 26, "column": 19 }
      },
      "18": {
        "start": { "line": 19, "column": 56 },
        "end": { "line": 24, "column": 5 }
      },
      "19": {
        "start": { "line": 28, "column": 0 },
        "end": { "line": 28, "column": 34 }
      },
      "20": {
        "start": { "line": 29, "column": 22 },
        "end": { "line": 34, "column": 2 }
      },
      "21": {
        "start": { "line": 29, "column": 65 },
        "end": { "line": 34, "column": 2 }
      },
      "22": {
        "start": { "line": 30, "column": 4 },
        "end": { "line": 33, "column": 57 }
      },
      "23": {
        "start": { "line": 35, "column": 0 },
        "end": { "line": 35, "column": 38 }
      },
      "24": {
        "start": { "line": 36, "column": 22 },
        "end": { "line": 48, "column": 2 }
      },
      "25": {
        "start": { "line": 36, "column": 37 },
        "end": { "line": 48, "column": 2 }
      },
      "26": {
        "start": { "line": 37, "column": 19 },
        "end": { "line": 40, "column": 36 }
      },
      "27": {
        "start": { "line": 41, "column": 4 },
        "end": { "line": 47, "column": 5 }
      },
      "28": {
        "start": { "line": 42, "column": 8 },
        "end": { "line": 42, "column": 57 }
      },
      "29": {
        "start": { "line": 43, "column": 8 },
        "end": { "line": 43, "column": 15 }
      },
      "30": {
        "start": { "line": 46, "column": 8 },
        "end": { "line": 46, "column": 74 }
      },
      "31": {
        "start": { "line": 49, "column": 0 },
        "end": { "line": 49, "column": 38 }
      }
    },
    "fnMap": {
      "0": {
        "name": "(anonymous_0)",
        "decl": {
          "start": { "line": 2, "column": 44 },
          "end": { "line": 2, "column": 45 }
        },
        "loc": {
          "start": { "line": 2, "column": 89 },
          "end": { "line": 10, "column": 1 }
        },
        "line": 2
      },
      "1": {
        "name": "adopt",
        "decl": {
          "start": { "line": 3, "column": 13 },
          "end": { "line": 3, "column": 18 }
        },
        "loc": {
          "start": { "line": 3, "column": 26 },
          "end": { "line": 3, "column": 112 }
        },
        "line": 3
      },
      "2": {
        "name": "(anonymous_2)",
        "decl": {
          "start": { "line": 3, "column": 70 },
          "end": { "line": 3, "column": 71 }
        },
        "loc": {
          "start": { "line": 3, "column": 89 },
          "end": { "line": 3, "column": 108 }
        },
        "line": 3
      },
      "3": {
        "name": "(anonymous_3)",
        "decl": {
          "start": { "line": 4, "column": 36 },
          "end": { "line": 4, "column": 37 }
        },
        "loc": {
          "start": { "line": 4, "column": 63 },
          "end": { "line": 9, "column": 5 }
        },
        "line": 4
      },
      "4": {
        "name": "fulfilled",
        "decl": {
          "start": { "line": 5, "column": 17 },
          "end": { "line": 5, "column": 26 }
        },
        "loc": {
          "start": { "line": 5, "column": 34 },
          "end": { "line": 5, "column": 99 }
        },
        "line": 5
      },
      "5": {
        "name": "rejected",
        "decl": {
          "start": { "line": 6, "column": 17 },
          "end": { "line": 6, "column": 25 }
        },
        "loc": {
          "start": { "line": 6, "column": 33 },
          "end": { "line": 6, "column": 102 }
        },
        "line": 6
      },
      "6": {
        "name": "step",
        "decl": {
          "start": { "line": 7, "column": 17 },
          "end": { "line": 7, "column": 21 }
        },
        "loc": {
          "start": { "line": 7, "column": 30 },
          "end": { "line": 7, "column": 118 }
        },
        "line": 7
      },
      "7": {
        "name": "(anonymous_7)",
        "decl": {
          "start": { "line": 14, "column": 20 },
          "end": { "line": 14, "column": 21 }
        },
        "loc": {
          "start": { "line": 14, "column": 26 },
          "end": { "line": 27, "column": 2 }
        },
        "line": 14
      },
      "8": {
        "name": "(anonymous_8)",
        "decl": {
          "start": { "line": 14, "column": 60 },
          "end": { "line": 14, "column": 61 }
        },
        "loc": {
          "start": { "line": 14, "column": 73 },
          "end": { "line": 27, "column": 1 }
        },
        "line": 14
      },
      "9": {
        "name": "(anonymous_9)",
        "decl": {
          "start": { "line": 19, "column": 13 },
          "end": { "line": 19, "column": 14 }
        },
        "loc": {
          "start": { "line": 19, "column": 56 },
          "end": { "line": 24, "column": 5 }
        },
        "line": 19
      },
      "10": {
        "name": "(anonymous_10)",
        "decl": {
          "start": { "line": 29, "column": 22 },
          "end": { "line": 29, "column": 23 }
        },
        "loc": {
          "start": { "line": 29, "column": 65 },
          "end": { "line": 34, "column": 2 }
        },
        "line": 29
      },
      "11": {
        "name": "(anonymous_11)",
        "decl": {
          "start": { "line": 29, "column": 99 },
          "end": { "line": 29, "column": 100 }
        },
        "loc": {
          "start": { "line": 29, "column": 112 },
          "end": { "line": 34, "column": 1 }
        },
        "line": 29
      },
      "12": {
        "name": "(anonymous_12)",
        "decl": {
          "start": { "line": 36, "column": 22 },
          "end": { "line": 36, "column": 23 }
        },
        "loc": {
          "start": { "line": 36, "column": 37 },
          "end": { "line": 48, "column": 2 }
        },
        "line": 36
      },
      "13": {
        "name": "(anonymous_13)",
        "decl": {
          "start": { "line": 36, "column": 71 },
          "end": { "line": 36, "column": 72 }
        },
        "loc": {
          "start": { "line": 36, "column": 84 },
          "end": { "line": 48, "column": 1 }
        },
        "line": 36
      }
    },
    "branchMap": {
      "0": {
        "loc": {
          "start": { "line": 2, "column": 16 },
          "end": { "line": 10, "column": 1 }
        },
        "type": "binary-expr",
        "locations": [
          {
            "start": { "line": 2, "column": 17 },
            "end": { "line": 2, "column": 21 }
          },
          {
            "start": { "line": 2, "column": 25 },
            "end": { "line": 2, "column": 39 }
          },
          {
            "start": { "line": 2, "column": 44 },
            "end": { "line": 10, "column": 1 }
          }
        ],
        "line": 2
      },
      "1": {
        "loc": {
          "start": { "line": 3, "column": 35 },
          "end": { "line": 3, "column": 109 }
        },
        "type": "cond-expr",
        "locations": [
          {
            "start": { "line": 3, "column": 56 },
            "end": { "line": 3, "column": 61 }
          },
          {
            "start": { "line": 3, "column": 64 },
            "end": { "line": 3, "column": 109 }
          }
        ],
        "line": 3
      },
      "2": {
        "loc": {
          "start": { "line": 4, "column": 16 },
          "end": { "line": 4, "column": 34 }
        },
        "type": "binary-expr",
        "locations": [
          {
            "start": { "line": 4, "column": 16 },
            "end": { "line": 4, "column": 17 }
          },
          {
            "start": { "line": 4, "column": 22 },
            "end": { "line": 4, "column": 33 }
          }
        ],
        "line": 4
      },
      "3": {
        "loc": {
          "start": { "line": 7, "column": 32 },
          "end": { "line": 7, "column": 115 }
        },
        "type": "cond-expr",
        "locations": [
          {
            "start": { "line": 7, "column": 46 },
            "end": { "line": 7, "column": 67 }
          },
          {
            "start": { "line": 7, "column": 70 },
            "end": { "line": 7, "column": 115 }
          }
        ],
        "line": 7
      },
      "4": {
        "loc": {
          "start": { "line": 8, "column": 51 },
          "end": { "line": 8, "column": 67 }
        },
        "type": "binary-expr",
        "locations": [
          {
            "start": { "line": 8, "column": 51 },
            "end": { "line": 8, "column": 61 }
          },
          {
            "start": { "line": 8, "column": 65 },
            "end": { "line": 8, "column": 67 }
          }
        ],
        "line": 8
      },
      "5": {
        "loc": {
          "start": { "line": 41, "column": 4 },
          "end": { "line": 47, "column": 5 }
        },
        "type": "if",
        "locations": [
          {
            "start": { "line": 41, "column": 4 },
            "end": { "line": 47, "column": 5 }
          },
          {
            "start": { "line": 45, "column": 9 },
            "end": { "line": 47, "column": 5 }
          }
        ],
        "line": 41
      }
    },
    "s": {
      "0": 2,
      "1": 5,
      "2": 0,
      "3": 5,
      "4": 5,
      "5": 5,
      "6": 0,
      "7": 0,
      "8": 0,
      "9": 0,
      "10": 10,
      "11": 5,
      "12": 2,
      "13": 2,
      "14": 2,
      "15": 2,
      "16": 2,
      "17": 2,
      "18": 1,
      "19": 2,
      "20": 2,
      "21": 2,
      "22": 2,
      "23": 2,
      "24": 2,
      "25": 1,
      "26": 1,
      "27": 1,
      "28": 1,
      "29": 1,
      "30": 0,
      "31": 2
    },
    "f": {
      "0": 5,
      "1": 5,
      "2": 0,
      "3": 5,
      "4": 5,
      "5": 0,
      "6": 10,
      "7": 2,
      "8": 2,
      "9": 1,
      "10": 2,
      "11": 2,
      "12": 1,
      "13": 1
    },
    "b": {
      "0": [2, 2, 2],
      "1": [5, 0],
      "2": [5, 5],
      "3": [5, 5],
      "4": [5, 5],
      "5": [1, 0]
    },
    "inputSourceMap": null,
    "_coverageSchema": "1a1c01bbd47fc00a2c39e90264f33305004495a9",
    "hash": "44411f58ff2066ea9df5369e9e9694f6cd7d589c"
  },
  "C:\\Users\\gabri\\Documents\\API\\exam-web\\server\\controllers\\loginController.ts": {
    "path": "C:\\Users\\gabri\\Documents\\API\\exam-web\\server\\controllers\\loginController.ts",
    "statementMap": {
      "0": {
        "start": { "line": 2, "column": 16 },
        "end": { "line": 10, "column": 1 }
      },
      "1": {
        "start": { "line": 3, "column": 28 },
        "end": { "line": 3, "column": 110 }
      },
      "2": {
        "start": { "line": 3, "column": 91 },
        "end": { "line": 3, "column": 106 }
      },
      "3": {
        "start": { "line": 4, "column": 4 },
        "end": { "line": 9, "column": 7 }
      },
      "4": {
        "start": { "line": 5, "column": 36 },
        "end": { "line": 5, "column": 97 }
      },
      "5": {
        "start": { "line": 5, "column": 42 },
        "end": { "line": 5, "column": 70 }
      },
      "6": {
        "start": { "line": 5, "column": 85 },
        "end": { "line": 5, "column": 95 }
      },
      "7": {
        "start": { "line": 6, "column": 35 },
        "end": { "line": 6, "column": 100 }
      },
      "8": {
        "start": { "line": 6, "column": 41 },
        "end": { "line": 6, "column": 73 }
      },
      "9": {
        "start": { "line": 6, "column": 88 },
        "end": { "line": 6, "column": 98 }
      },
      "10": {
        "start": { "line": 7, "column": 32 },
        "end": { "line": 7, "column": 116 }
      },
      "11": {
        "start": { "line": 8, "column": 8 },
        "end": { "line": 8, "column": 78 }
      },
      "12": {
        "start": { "line": 11, "column": 22 },
        "end": { "line": 13, "column": 1 }
      },
      "13": {
        "start": { "line": 12, "column": 4 },
        "end": { "line": 12, "column": 62 }
      },
      "14": {
        "start": { "line": 14, "column": 0 },
        "end": { "line": 14, "column": 62 }
      },
      "15": {
        "start": { "line": 15, "column": 0 },
        "end": { "line": 15, "column": 107 }
      },
      "16": {
        "start": { "line": 16, "column": 22 },
        "end": { "line": 16, "column": 52 }
      },
      "17": {
        "start": { "line": 17, "column": 21 },
        "end": { "line": 17, "column": 59 }
      },
      "18": {
        "start": { "line": 18, "column": 21 },
        "end": { "line": 30, "column": 2 }
      },
      "19": {
        "start": { "line": 18, "column": 27 },
        "end": { "line": 30, "column": 2 }
      },
      "20": {
        "start": { "line": 19, "column": 31 },
        "end": { "line": 19, "column": 58 }
      },
      "21": {
        "start": { "line": 20, "column": 22 },
        "end": { "line": 20, "column": 50 }
      },
      "22": {
        "start": { "line": 21, "column": 4 },
        "end": { "line": 21, "column": 29 }
      },
      "23": {
        "start": { "line": 22, "column": 58 },
        "end": { "line": 22, "column": 112 }
      },
      "24": {
        "start": { "line": 23, "column": 4 },
        "end": { "line": 29, "column": 6 }
      },
      "25": {
        "start": { "line": 31, "column": 0 },
        "end": { "line": 31, "column": 36 }
      },
      "26": {
        "start": { "line": 32, "column": 16 },
        "end": { "line": 35, "column": 1 }
      },
      "27": {
        "start": { "line": 33, "column": 4 },
        "end": { "line": 33, "column": 43 }
      },
      "28": {
        "start": { "line": 34, "column": 4 },
        "end": { "line": 34, "column": 24 }
      },
      "29": {
        "start": { "line": 36, "column": 0 },
        "end": { "line": 36, "column": 26 }
      },
      "30": {
        "start": { "line": 37, "column": 20 },
        "end": { "line": 53, "column": 2 }
      },
      "31": {
        "start": { "line": 37, "column": 34 },
        "end": { "line": 53, "column": 2 }
      },
      "32": {
        "start": { "line": 38, "column": 19 },
        "end": { "line": 40, "column": 5 }
      },
      "33": {
        "start": { "line": 41, "column": 36 },
        "end": { "line": 41, "column": 53 }
      },
      "34": {
        "start": { "line": 42, "column": 4 },
        "end": { "line": 42, "column": 121 }
      },
      "35": {
        "start": { "line": 44, "column": 4 },
        "end": { "line": 48, "column": 5 }
      },
      "36": {
        "start": { "line": 45, "column": 8 },
        "end": { "line": 45, "column": 38 }
      },
      "37": {
        "start": { "line": 46, "column": 8 },
        "end": { "line": 46, "column": 80 }
      },
      "38": {
        "start": { "line": 47, "column": 8 },
        "end": { "line": 47, "column": 42 }
      },
      "39": {
        "start": { "line": 49, "column": 4 },
        "end": { "line": 52, "column": 7 }
      },
      "40": {
        "start": { "line": 54, "column": 0 },
        "end": { "line": 54, "column": 34 }
      },
      "41": {
        "start": { "line": 55, "column": 18 },
        "end": { "line": 68, "column": 2 }
      },
      "42": {
        "start": { "line": 55, "column": 44 },
        "end": { "line": 68, "column": 2 }
      },
      "43": {
        "start": { "line": 56, "column": 21 },
        "end": { "line": 60, "column": 6 }
      },
      "44": {
        "start": { "line": 61, "column": 4 },
        "end": { "line": 67, "column": 5 }
      },
      "45": {
        "start": { "line": 62, "column": 8 },
        "end": { "line": 62, "column": 37 }
      },
      "46": {
        "start": { "line": 65, "column": 8 },
        "end": { "line": 65, "column": 66 }
      },
      "47": {
        "start": { "line": 66, "column": 8 },
        "end": { "line": 66, "column": 25 }
      },
      "48": {
        "start": { "line": 69, "column": 0 },
        "end": { "line": 69, "column": 30 }
      },
      "49": {
        "start": { "line": 70, "column": 15 },
        "end": { "line": 80, "column": 1 }
      },
      "50": {
        "start": { "line": 71, "column": 25 },
        "end": { "line": 71, "column": 35 }
      },
      "51": {
        "start": { "line": 72, "column": 34 },
        "end": { "line": 72, "column": 42 }
      },
      "52": {
        "start": { "line": 73, "column": 4 },
        "end": { "line": 75, "column": 5 }
      },
      "53": {
        "start": { "line": 74, "column": 8 },
        "end": { "line": 74, "column": 71 }
      },
      "54": {
        "start": { "line": 76, "column": 4 },
        "end": { "line": 76, "column": 57 }
      },
      "55": {
        "start": { "line": 77, "column": 4 },
        "end": { "line": 77, "column": 75 }
      },
      "56": {
        "start": { "line": 78, "column": 4 },
        "end": { "line": 78, "column": 33 }
      },
      "57": {
        "start": { "line": 79, "column": 4 },
        "end": { "line": 79, "column": 24 }
      },
      "58": {
        "start": { "line": 81, "column": 0 },
        "end": { "line": 81, "column": 24 }
      }
    },
    "fnMap": {
      "0": {
        "name": "(anonymous_0)",
        "decl": {
          "start": { "line": 2, "column": 44 },
          "end": { "line": 2, "column": 45 }
        },
        "loc": {
          "start": { "line": 2, "column": 89 },
          "end": { "line": 10, "column": 1 }
        },
        "line": 2
      },
      "1": {
        "name": "adopt",
        "decl": {
          "start": { "line": 3, "column": 13 },
          "end": { "line": 3, "column": 18 }
        },
        "loc": {
          "start": { "line": 3, "column": 26 },
          "end": { "line": 3, "column": 112 }
        },
        "line": 3
      },
      "2": {
        "name": "(anonymous_2)",
        "decl": {
          "start": { "line": 3, "column": 70 },
          "end": { "line": 3, "column": 71 }
        },
        "loc": {
          "start": { "line": 3, "column": 89 },
          "end": { "line": 3, "column": 108 }
        },
        "line": 3
      },
      "3": {
        "name": "(anonymous_3)",
        "decl": {
          "start": { "line": 4, "column": 36 },
          "end": { "line": 4, "column": 37 }
        },
        "loc": {
          "start": { "line": 4, "column": 63 },
          "end": { "line": 9, "column": 5 }
        },
        "line": 4
      },
      "4": {
        "name": "fulfilled",
        "decl": {
          "start": { "line": 5, "column": 17 },
          "end": { "line": 5, "column": 26 }
        },
        "loc": {
          "start": { "line": 5, "column": 34 },
          "end": { "line": 5, "column": 99 }
        },
        "line": 5
      },
      "5": {
        "name": "rejected",
        "decl": {
          "start": { "line": 6, "column": 17 },
          "end": { "line": 6, "column": 25 }
        },
        "loc": {
          "start": { "line": 6, "column": 33 },
          "end": { "line": 6, "column": 102 }
        },
        "line": 6
      },
      "6": {
        "name": "step",
        "decl": {
          "start": { "line": 7, "column": 17 },
          "end": { "line": 7, "column": 21 }
        },
        "loc": {
          "start": { "line": 7, "column": 30 },
          "end": { "line": 7, "column": 118 }
        },
        "line": 7
      },
      "7": {
        "name": "(anonymous_7)",
        "decl": {
          "start": { "line": 11, "column": 56 },
          "end": { "line": 11, "column": 57 }
        },
        "loc": {
          "start": { "line": 11, "column": 71 },
          "end": { "line": 13, "column": 1 }
        },
        "line": 11
      },
      "8": {
        "name": "(anonymous_8)",
        "decl": {
          "start": { "line": 18, "column": 21 },
          "end": { "line": 18, "column": 22 }
        },
        "loc": {
          "start": { "line": 18, "column": 27 },
          "end": { "line": 30, "column": 2 }
        },
        "line": 18
      },
      "9": {
        "name": "(anonymous_9)",
        "decl": {
          "start": { "line": 18, "column": 61 },
          "end": { "line": 18, "column": 62 }
        },
        "loc": {
          "start": { "line": 18, "column": 74 },
          "end": { "line": 30, "column": 1 }
        },
        "line": 18
      },
      "10": {
        "name": "(anonymous_10)",
        "decl": {
          "start": { "line": 32, "column": 16 },
          "end": { "line": 32, "column": 17 }
        },
        "loc": {
          "start": { "line": 32, "column": 31 },
          "end": { "line": 35, "column": 1 }
        },
        "line": 32
      },
      "11": {
        "name": "(anonymous_11)",
        "decl": {
          "start": { "line": 37, "column": 20 },
          "end": { "line": 37, "column": 21 }
        },
        "loc": {
          "start": { "line": 37, "column": 34 },
          "end": { "line": 53, "column": 2 }
        },
        "line": 37
      },
      "12": {
        "name": "(anonymous_12)",
        "decl": {
          "start": { "line": 37, "column": 68 },
          "end": { "line": 37, "column": 69 }
        },
        "loc": {
          "start": { "line": 37, "column": 81 },
          "end": { "line": 53, "column": 1 }
        },
        "line": 37
      },
      "13": {
        "name": "(anonymous_13)",
        "decl": {
          "start": { "line": 55, "column": 18 },
          "end": { "line": 55, "column": 19 }
        },
        "loc": {
          "start": { "line": 55, "column": 44 },
          "end": { "line": 68, "column": 2 }
        },
        "line": 55
      },
      "14": {
        "name": "(anonymous_14)",
        "decl": {
          "start": { "line": 55, "column": 78 },
          "end": { "line": 55, "column": 79 }
        },
        "loc": {
          "start": { "line": 55, "column": 91 },
          "end": { "line": 68, "column": 1 }
        },
        "line": 55
      },
      "15": {
        "name": "(anonymous_15)",
        "decl": {
          "start": { "line": 70, "column": 15 },
          "end": { "line": 70, "column": 16 }
        },
        "loc": {
          "start": { "line": 70, "column": 29 },
          "end": { "line": 80, "column": 1 }
        },
        "line": 70
      }
    },
    "branchMap": {
      "0": {
        "loc": {
          "start": { "line": 2, "column": 16 },
          "end": { "line": 10, "column": 1 }
        },
        "type": "binary-expr",
        "locations": [
          {
            "start": { "line": 2, "column": 17 },
            "end": { "line": 2, "column": 21 }
          },
          {
            "start": { "line": 2, "column": 25 },
            "end": { "line": 2, "column": 39 }
          },
          {
            "start": { "line": 2, "column": 44 },
            "end": { "line": 10, "column": 1 }
          }
        ],
        "line": 2
      },
      "1": {
        "loc": {
          "start": { "line": 3, "column": 35 },
          "end": { "line": 3, "column": 109 }
        },
        "type": "cond-expr",
        "locations": [
          {
            "start": { "line": 3, "column": 56 },
            "end": { "line": 3, "column": 61 }
          },
          {
            "start": { "line": 3, "column": 64 },
            "end": { "line": 3, "column": 109 }
          }
        ],
        "line": 3
      },
      "2": {
        "loc": {
          "start": { "line": 4, "column": 16 },
          "end": { "line": 4, "column": 34 }
        },
        "type": "binary-expr",
        "locations": [
          {
            "start": { "line": 4, "column": 16 },
            "end": { "line": 4, "column": 17 }
          },
          {
            "start": { "line": 4, "column": 22 },
            "end": { "line": 4, "column": 33 }
          }
        ],
        "line": 4
      },
      "3": {
        "loc": {
          "start": { "line": 7, "column": 32 },
          "end": { "line": 7, "column": 115 }
        },
        "type": "cond-expr",
        "locations": [
          {
            "start": { "line": 7, "column": 46 },
            "end": { "line": 7, "column": 67 }
          },
          {
            "start": { "line": 7, "column": 70 },
            "end": { "line": 7, "column": 115 }
          }
        ],
        "line": 7
      },
      "4": {
        "loc": {
          "start": { "line": 8, "column": 51 },
          "end": { "line": 8, "column": 67 }
        },
        "type": "binary-expr",
        "locations": [
          {
            "start": { "line": 8, "column": 51 },
            "end": { "line": 8, "column": 61 }
          },
          {
            "start": { "line": 8, "column": 65 },
            "end": { "line": 8, "column": 67 }
          }
        ],
        "line": 8
      },
      "5": {
        "loc": {
          "start": { "line": 11, "column": 22 },
          "end": { "line": 13, "column": 1 }
        },
        "type": "binary-expr",
        "locations": [
          {
            "start": { "line": 11, "column": 23 },
            "end": { "line": 11, "column": 27 }
          },
          {
            "start": { "line": 11, "column": 31 },
            "end": { "line": 11, "column": 51 }
          },
          {
            "start": { "line": 11, "column": 56 },
            "end": { "line": 13, "column": 1 }
          }
        ],
        "line": 11
      },
      "6": {
        "loc": {
          "start": { "line": 12, "column": 11 },
          "end": { "line": 12, "column": 61 }
        },
        "type": "cond-expr",
        "locations": [
          {
            "start": { "line": 12, "column": 37 },
            "end": { "line": 12, "column": 40 }
          },
          {
            "start": { "line": 12, "column": 43 },
            "end": { "line": 12, "column": 61 }
          }
        ],
        "line": 12
      },
      "7": {
        "loc": {
          "start": { "line": 12, "column": 12 },
          "end": { "line": 12, "column": 33 }
        },
        "type": "binary-expr",
        "locations": [
          {
            "start": { "line": 12, "column": 12 },
            "end": { "line": 12, "column": 15 }
          },
          {
            "start": { "line": 12, "column": 19 },
            "end": { "line": 12, "column": 33 }
          }
        ],
        "line": 12
      },
      "8": {
        "loc": {
          "start": { "line": 44, "column": 4 },
          "end": { "line": 48, "column": 5 }
        },
        "type": "if",
        "locations": [
          {
            "start": { "line": 44, "column": 4 },
            "end": { "line": 48, "column": 5 }
          },
          { "start": {}, "end": {} }
        ],
        "line": 44
      },
      "9": {
        "loc": {
          "start": { "line": 61, "column": 4 },
          "end": { "line": 67, "column": 5 }
        },
        "type": "if",
        "locations": [
          {
            "start": { "line": 61, "column": 4 },
            "end": { "line": 67, "column": 5 }
          },
          {
            "start": { "line": 64, "column": 9 },
            "end": { "line": 67, "column": 5 }
          }
        ],
        "line": 61
      },
      "10": {
        "loc": {
          "start": { "line": 72, "column": 12 },
          "end": { "line": 72, "column": 29 }
        },
        "type": "default-arg",
        "locations": [
          {
            "start": { "line": 72, "column": 27 },
            "end": { "line": 72, "column": 29 }
          }
        ],
        "line": 72
      },
      "11": {
        "loc": {
          "start": { "line": 73, "column": 4 },
          "end": { "line": 75, "column": 5 }
        },
        "type": "if",
        "locations": [
          {
            "start": { "line": 73, "column": 4 },
            "end": { "line": 75, "column": 5 }
          },
          { "start": {}, "end": {} }
        ],
        "line": 73
      }
    },
    "s": {
      "0": 1,
      "1": 2,
      "2": 0,
      "3": 2,
      "4": 2,
      "5": 2,
      "6": 0,
      "7": 0,
      "8": 0,
      "9": 0,
      "10": 4,
      "11": 2,
      "12": 1,
      "13": 1,
      "14": 1,
      "15": 1,
      "16": 1,
      "17": 1,
      "18": 1,
      "19": 1,
      "20": 1,
      "21": 1,
      "22": 1,
      "23": 1,
      "24": 1,
      "25": 1,
      "26": 1,
      "27": 0,
      "28": 0,
      "29": 1,
      "30": 1,
      "31": 1,
      "32": 1,
      "33": 1,
      "34": 1,
      "35": 1,
      "36": 0,
      "37": 0,
      "38": 0,
      "39": 1,
      "40": 1,
      "41": 1,
      "42": 0,
      "43": 0,
      "44": 0,
      "45": 0,
      "46": 0,
      "47": 0,
      "48": 1,
      "49": 1,
      "50": 1,
      "51": 1,
      "52": 1,
      "53": 1,
      "54": 0,
      "55": 0,
      "56": 0,
      "57": 0,
      "58": 1
    },
    "f": {
      "0": 2,
      "1": 2,
      "2": 0,
      "3": 2,
      "4": 2,
      "5": 0,
      "6": 4,
      "7": 1,
      "8": 1,
      "9": 1,
      "10": 0,
      "11": 1,
      "12": 1,
      "13": 0,
      "14": 0,
      "15": 1
    },
    "b": {
      "0": [1, 1, 1],
      "1": [2, 0],
      "2": [2, 2],
      "3": [2, 2],
      "4": [2, 2],
      "5": [1, 1, 1],
      "6": [1, 0],
      "7": [1, 1],
      "8": [0, 1],
      "9": [0, 0],
      "10": [1],
      "11": [1, 0]
    },
    "inputSourceMap": null,
    "_coverageSchema": "1a1c01bbd47fc00a2c39e90264f33305004495a9",
    "hash": "322e2d142b2e5a39e5eaf6abb283cf7372806dfc"
  },
  "C:\\Users\\gabri\\Documents\\API\\exam-web\\server\\misc\\jsonHandler.ts": {
    "path": "C:\\Users\\gabri\\Documents\\API\\exam-web\\server\\misc\\jsonHandler.ts",
    "statementMap": {
      "0": {
        "start": { "line": 2, "column": 16 },
        "end": { "line": 10, "column": 1 }
      },
      "1": {
        "start": { "line": 3, "column": 28 },
        "end": { "line": 3, "column": 110 }
      },
      "2": {
        "start": { "line": 3, "column": 91 },
        "end": { "line": 3, "column": 106 }
      },
      "3": {
        "start": { "line": 4, "column": 4 },
        "end": { "line": 9, "column": 7 }
      },
      "4": {
        "start": { "line": 5, "column": 36 },
        "end": { "line": 5, "column": 97 }
      },
      "5": {
        "start": { "line": 5, "column": 42 },
        "end": { "line": 5, "column": 70 }
      },
      "6": {
        "start": { "line": 5, "column": 85 },
        "end": { "line": 5, "column": 95 }
      },
      "7": {
        "start": { "line": 6, "column": 35 },
        "end": { "line": 6, "column": 100 }
      },
      "8": {
        "start": { "line": 6, "column": 41 },
        "end": { "line": 6, "column": 73 }
      },
      "9": {
        "start": { "line": 6, "column": 88 },
        "end": { "line": 6, "column": 98 }
      },
      "10": {
        "start": { "line": 7, "column": 32 },
        "end": { "line": 7, "column": 116 }
      },
      "11": {
        "start": { "line": 8, "column": 8 },
        "end": { "line": 8, "column": 78 }
      },
      "12": {
        "start": { "line": 11, "column": 22 },
        "end": { "line": 13, "column": 1 }
      },
      "13": {
        "start": { "line": 12, "column": 4 },
        "end": { "line": 12, "column": 62 }
      },
      "14": {
        "start": { "line": 14, "column": 0 },
        "end": { "line": 14, "column": 62 }
      },
      "15": {
        "start": { "line": 15, "column": 0 },
        "end": { "line": 15, "column": 46 }
      },
      "16": {
        "start": { "line": 16, "column": 21 },
        "end": { "line": 16, "column": 59 }
      },
      "17": {
        "start": { "line": 17, "column": 17 },
        "end": { "line": 28, "column": 2 }
      },
      "18": {
        "start": { "line": 17, "column": 34 },
        "end": { "line": 28, "column": 2 }
      },
      "19": {
        "start": { "line": 18, "column": 16 },
        "end": { "line": 24, "column": 6 }
      },
      "20": {
        "start": { "line": 25, "column": 4 },
        "end": { "line": 27, "column": 5 }
      },
      "21": {
        "start": { "line": 26, "column": 8 },
        "end": { "line": 26, "column": 75 }
      },
      "22": {
        "start": { "line": 29, "column": 0 },
        "end": { "line": 29, "column": 28 }
      },
      "23": {
        "start": { "line": 30, "column": 18 },
        "end": { "line": 36, "column": 2 }
      },
      "24": {
        "start": { "line": 30, "column": 27 },
        "end": { "line": 36, "column": 2 }
      },
      "25": {
        "start": { "line": 31, "column": 16 },
        "end": { "line": 31, "column": 52 }
      },
      "26": {
        "start": { "line": 32, "column": 4 },
        "end": { "line": 34, "column": 5 }
      },
      "27": {
        "start": { "line": 33, "column": 8 },
        "end": { "line": 33, "column": 76 }
      },
      "28": {
        "start": { "line": 35, "column": 4 },
        "end": { "line": 35, "column": 22 }
      },
      "29": {
        "start": { "line": 37, "column": 0 },
        "end": { "line": 37, "column": 30 }
      }
    },
    "fnMap": {
      "0": {
        "name": "(anonymous_0)",
        "decl": {
          "start": { "line": 2, "column": 44 },
          "end": { "line": 2, "column": 45 }
        },
        "loc": {
          "start": { "line": 2, "column": 89 },
          "end": { "line": 10, "column": 1 }
        },
        "line": 2
      },
      "1": {
        "name": "adopt",
        "decl": {
          "start": { "line": 3, "column": 13 },
          "end": { "line": 3, "column": 18 }
        },
        "loc": {
          "start": { "line": 3, "column": 26 },
          "end": { "line": 3, "column": 112 }
        },
        "line": 3
      },
      "2": {
        "name": "(anonymous_2)",
        "decl": {
          "start": { "line": 3, "column": 70 },
          "end": { "line": 3, "column": 71 }
        },
        "loc": {
          "start": { "line": 3, "column": 89 },
          "end": { "line": 3, "column": 108 }
        },
        "line": 3
      },
      "3": {
        "name": "(anonymous_3)",
        "decl": {
          "start": { "line": 4, "column": 36 },
          "end": { "line": 4, "column": 37 }
        },
        "loc": {
          "start": { "line": 4, "column": 63 },
          "end": { "line": 9, "column": 5 }
        },
        "line": 4
      },
      "4": {
        "name": "fulfilled",
        "decl": {
          "start": { "line": 5, "column": 17 },
          "end": { "line": 5, "column": 26 }
        },
        "loc": {
          "start": { "line": 5, "column": 34 },
          "end": { "line": 5, "column": 99 }
        },
        "line": 5
      },
      "5": {
        "name": "rejected",
        "decl": {
          "start": { "line": 6, "column": 17 },
          "end": { "line": 6, "column": 25 }
        },
        "loc": {
          "start": { "line": 6, "column": 33 },
          "end": { "line": 6, "column": 102 }
        },
        "line": 6
      },
      "6": {
        "name": "step",
        "decl": {
          "start": { "line": 7, "column": 17 },
          "end": { "line": 7, "column": 21 }
        },
        "loc": {
          "start": { "line": 7, "column": 30 },
          "end": { "line": 7, "column": 118 }
        },
        "line": 7
      },
      "7": {
        "name": "(anonymous_7)",
        "decl": {
          "start": { "line": 11, "column": 56 },
          "end": { "line": 11, "column": 57 }
        },
        "loc": {
          "start": { "line": 11, "column": 71 },
          "end": { "line": 13, "column": 1 }
        },
        "line": 11
      },
      "8": {
        "name": "(anonymous_8)",
        "decl": {
          "start": { "line": 17, "column": 17 },
          "end": { "line": 17, "column": 18 }
        },
        "loc": {
          "start": { "line": 17, "column": 34 },
          "end": { "line": 28, "column": 2 }
        },
        "line": 17
      },
      "9": {
        "name": "(anonymous_9)",
        "decl": {
          "start": { "line": 17, "column": 68 },
          "end": { "line": 17, "column": 69 }
        },
        "loc": {
          "start": { "line": 17, "column": 81 },
          "end": { "line": 28, "column": 1 }
        },
        "line": 17
      },
      "10": {
        "name": "(anonymous_10)",
        "decl": {
          "start": { "line": 30, "column": 18 },
          "end": { "line": 30, "column": 19 }
        },
        "loc": {
          "start": { "line": 30, "column": 27 },
          "end": { "line": 36, "column": 2 }
        },
        "line": 30
      },
      "11": {
        "name": "(anonymous_11)",
        "decl": {
          "start": { "line": 30, "column": 61 },
          "end": { "line": 30, "column": 62 }
        },
        "loc": {
          "start": { "line": 30, "column": 74 },
          "end": { "line": 36, "column": 1 }
        },
        "line": 30
      }
    },
    "branchMap": {
      "0": {
        "loc": {
          "start": { "line": 2, "column": 16 },
          "end": { "line": 10, "column": 1 }
        },
        "type": "binary-expr",
        "locations": [
          {
            "start": { "line": 2, "column": 17 },
            "end": { "line": 2, "column": 21 }
          },
          {
            "start": { "line": 2, "column": 25 },
            "end": { "line": 2, "column": 39 }
          },
          {
            "start": { "line": 2, "column": 44 },
            "end": { "line": 10, "column": 1 }
          }
        ],
        "line": 2
      },
      "1": {
        "loc": {
          "start": { "line": 3, "column": 35 },
          "end": { "line": 3, "column": 109 }
        },
        "type": "cond-expr",
        "locations": [
          {
            "start": { "line": 3, "column": 56 },
            "end": { "line": 3, "column": 61 }
          },
          {
            "start": { "line": 3, "column": 64 },
            "end": { "line": 3, "column": 109 }
          }
        ],
        "line": 3
      },
      "2": {
        "loc": {
          "start": { "line": 4, "column": 16 },
          "end": { "line": 4, "column": 34 }
        },
        "type": "binary-expr",
        "locations": [
          {
            "start": { "line": 4, "column": 16 },
            "end": { "line": 4, "column": 17 }
          },
          {
            "start": { "line": 4, "column": 22 },
            "end": { "line": 4, "column": 33 }
          }
        ],
        "line": 4
      },
      "3": {
        "loc": {
          "start": { "line": 7, "column": 32 },
          "end": { "line": 7, "column": 115 }
        },
        "type": "cond-expr",
        "locations": [
          {
            "start": { "line": 7, "column": 46 },
            "end": { "line": 7, "column": 67 }
          },
          {
            "start": { "line": 7, "column": 70 },
            "end": { "line": 7, "column": 115 }
          }
        ],
        "line": 7
      },
      "4": {
        "loc": {
          "start": { "line": 8, "column": 51 },
          "end": { "line": 8, "column": 67 }
        },
        "type": "binary-expr",
        "locations": [
          {
            "start": { "line": 8, "column": 51 },
            "end": { "line": 8, "column": 61 }
          },
          {
            "start": { "line": 8, "column": 65 },
            "end": { "line": 8, "column": 67 }
          }
        ],
        "line": 8
      },
      "5": {
        "loc": {
          "start": { "line": 11, "column": 22 },
          "end": { "line": 13, "column": 1 }
        },
        "type": "binary-expr",
        "locations": [
          {
            "start": { "line": 11, "column": 23 },
            "end": { "line": 11, "column": 27 }
          },
          {
            "start": { "line": 11, "column": 31 },
            "end": { "line": 11, "column": 51 }
          },
          {
            "start": { "line": 11, "column": 56 },
            "end": { "line": 13, "column": 1 }
          }
        ],
        "line": 11
      },
      "6": {
        "loc": {
          "start": { "line": 12, "column": 11 },
          "end": { "line": 12, "column": 61 }
        },
        "type": "cond-expr",
        "locations": [
          {
            "start": { "line": 12, "column": 37 },
            "end": { "line": 12, "column": 40 }
          },
          {
            "start": { "line": 12, "column": 43 },
            "end": { "line": 12, "column": 61 }
          }
        ],
        "line": 12
      },
      "7": {
        "loc": {
          "start": { "line": 12, "column": 12 },
          "end": { "line": 12, "column": 33 }
        },
        "type": "binary-expr",
        "locations": [
          {
            "start": { "line": 12, "column": 12 },
            "end": { "line": 12, "column": 15 }
          },
          {
            "start": { "line": 12, "column": 19 },
            "end": { "line": 12, "column": 33 }
          }
        ],
        "line": 12
      },
      "8": {
        "loc": {
          "start": { "line": 25, "column": 4 },
          "end": { "line": 27, "column": 5 }
        },
        "type": "if",
        "locations": [
          {
            "start": { "line": 25, "column": 4 },
            "end": { "line": 27, "column": 5 }
          },
          { "start": {}, "end": {} }
        ],
        "line": 25
      },
      "9": {
        "loc": {
          "start": { "line": 32, "column": 4 },
          "end": { "line": 34, "column": 5 }
        },
        "type": "if",
        "locations": [
          {
            "start": { "line": 32, "column": 4 },
            "end": { "line": 34, "column": 5 }
          },
          { "start": {}, "end": {} }
        ],
        "line": 32
      }
    },
    "s": {
      "0": 1,
      "1": 2,
      "2": 2,
      "3": 2,
      "4": 2,
      "5": 2,
      "6": 2,
      "7": 0,
      "8": 0,
      "9": 0,
      "10": 2,
      "11": 2,
      "12": 1,
      "13": 1,
      "14": 1,
      "15": 1,
      "16": 1,
      "17": 1,
      "18": 1,
      "19": 1,
      "20": 1,
      "21": 1,
      "22": 1,
      "23": 1,
      "24": 1,
      "25": 1,
      "26": 1,
      "27": 1,
      "28": 0,
      "29": 1
    },
    "f": {
      "0": 2,
      "1": 2,
      "2": 2,
      "3": 2,
      "4": 2,
      "5": 0,
      "6": 2,
      "7": 1,
      "8": 1,
      "9": 1,
      "10": 1,
      "11": 1
    },
    "b": {
      "0": [1, 1, 1],
      "1": [0, 2],
      "2": [2, 2],
      "3": [0, 2],
      "4": [2, 2],
      "5": [1, 1, 1],
      "6": [0, 1],
      "7": [1, 1],
      "8": [1, 0],
      "9": [1, 0]
    },
    "inputSourceMap": null,
    "_coverageSchema": "1a1c01bbd47fc00a2c39e90264f33305004495a9",
    "hash": "73434e8197be99fca2898dbc0f2c8567a90935d9"
  }
}
