TN:
SF:app.ts
FN:2,(anonymous_0)
FN:6,(anonymous_1)
FN:9,(anonymous_2)
FN:13,(anonymous_3)
FN:15,(anonymous_4)
FN:18,(anonymous_5)
FN:25,(anonymous_6)
FN:36,(anonymous_7)
FN:44,(anonymous_8)
FNF:9
FNH:7
FNDA:16,(anonymous_0)
FNDA:2,(anonymous_1)
FNDA:0,(anonymous_2)
FNDA:1,(anonymous_3)
FNDA:0,(anonymous_4)
FNDA:1,(anonymous_5)
FNDA:3,(anonymous_6)
FNDA:1,(anonymous_7)
FNDA:1,(anonymous_8)
DA:2,1
DA:3,16
DA:4,16
DA:5,16
DA:6,16
DA:8,16
DA:10,0
DA:11,0
DA:13,1
DA:14,1
DA:16,0
DA:18,1
DA:19,1
DA:20,1
DA:21,16
DA:22,1
DA:23,1
DA:25,1
DA:26,3
DA:28,1
DA:29,1
DA:30,1
DA:31,1
DA:32,1
DA:33,1
DA:34,1
DA:35,1
DA:36,1
DA:37,1
DA:38,1
DA:39,1
DA:40,1
DA:41,1
DA:42,1
DA:44,1
DA:45,1
DA:46,0
DA:49,1
DA:52,1
DA:53,1
DA:54,1
DA:56,1
LF:42
LH:38
BRDA:2,0,0,1
BRDA:2,0,1,1
BRDA:2,0,2,1
BRDA:2,1,0,1
BRDA:2,1,1,0
BRDA:3,2,0,16
BRDA:3,2,1,0
BRDA:5,3,0,16
BRDA:5,3,1,0
BRDA:5,4,0,16
BRDA:5,4,1,16
BRDA:5,5,0,0
BRDA:5,5,1,16
BRDA:5,6,0,16
BRDA:5,6,1,0
BRDA:10,7,0,0
BRDA:10,7,1,0
BRDA:13,8,0,1
BRDA:13,8,1,1
BRDA:13,8,2,1
BRDA:13,9,0,1
BRDA:13,9,1,0
BRDA:18,10,0,1
BRDA:18,10,1,1
BRDA:18,10,2,1
BRDA:19,11,0,0
BRDA:19,11,1,1
BRDA:19,12,0,1
BRDA:19,12,1,1
BRDA:21,13,0,1
BRDA:21,13,1,0
BRDA:21,14,0,16
BRDA:21,14,1,0
BRDA:21,15,0,16
BRDA:21,15,1,16
BRDA:25,16,0,1
BRDA:25,16,1,1
BRDA:25,16,2,1
BRDA:26,17,0,0
BRDA:26,17,1,3
BRDA:26,18,0,3
BRDA:26,18,1,3
BRDA:45,19,0,0
BRDA:45,19,1,1
BRDA:45,20,0,1
BRDA:45,20,1,0
BRF:46
BRH:32
end_of_record
TN:
SF:api\loginApi.ts
FN:7,(anonymous_0)
FNF:1
FNH:1
FNDA:1,(anonymous_0)
DA:2,1
DA:3,1
DA:4,1
DA:5,1
DA:6,1
DA:7,1
DA:8,1
DA:9,1
DA:10,1
DA:11,1
DA:13,1
LF:11
LH:11
BRF:0
BRH:0
end_of_record
TN:
SF:api\newsApi.ts
FN:2,(anonymous_0)
FN:9,(anonymous_1)
FN:11,(anonymous_2)
FNF:3
FNH:2
FNDA:1,(anonymous_0)
FNDA:1,(anonymous_1)
FNDA:0,(anonymous_2)
DA:2,1
DA:3,1
DA:5,1
DA:6,1
DA:7,1
DA:8,1
DA:9,1
DA:10,1
DA:11,1
DA:12,1
DA:13,1
DA:14,1
DA:16,1
LF:13
LH:13
BRDA:2,0,0,1
BRDA:2,0,1,1
BRDA:2,0,2,1
BRDA:3,1,0,0
BRDA:3,1,1,1
BRDA:3,2,0,1
BRDA:3,2,1,1
BRF:7
BRH:6
end_of_record
TN:
SF:controllers\articleController.ts
FN:2,(anonymous_0)
FN:3,adopt
FN:3,(anonymous_2)
FN:4,(anonymous_3)
FN:5,fulfilled
FN:6,rejected
FN:7,step
FN:14,(anonymous_7)
FN:14,(anonymous_8)
FN:19,(anonymous_9)
FN:29,(anonymous_10)
FN:29,(anonymous_11)
FN:36,(anonymous_12)
FN:36,(anonymous_13)
FNF:14
FNH:12
FNDA:5,(anonymous_0)
FNDA:5,adopt
FNDA:0,(anonymous_2)
FNDA:5,(anonymous_3)
FNDA:5,fulfilled
FNDA:0,rejected
FNDA:10,step
FNDA:2,(anonymous_7)
FNDA:2,(anonymous_8)
FNDA:1,(anonymous_9)
FNDA:2,(anonymous_10)
FNDA:2,(anonymous_11)
FNDA:1,(anonymous_12)
FNDA:1,(anonymous_13)
DA:2,2
DA:3,5
DA:4,5
DA:5,5
DA:6,0
DA:7,10
DA:8,5
DA:11,2
DA:12,2
DA:13,2
DA:14,2
DA:15,2
DA:19,1
DA:28,2
DA:29,2
DA:30,2
DA:35,2
DA:36,2
DA:37,1
DA:41,1
DA:42,1
DA:43,1
DA:46,0
DA:49,2
LF:24
LH:22
BRDA:2,0,0,2
BRDA:2,0,1,2
BRDA:2,0,2,2
BRDA:3,1,0,5
BRDA:3,1,1,0
BRDA:4,2,0,5
BRDA:4,2,1,5
BRDA:7,3,0,5
BRDA:7,3,1,5
BRDA:8,4,0,5
BRDA:8,4,1,5
BRDA:41,5,0,1
BRDA:41,5,1,0
BRF:13
BRH:11
end_of_record
TN:
SF:controllers\loginController.ts
FN:2,(anonymous_0)
FN:3,adopt
FN:3,(anonymous_2)
FN:4,(anonymous_3)
FN:5,fulfilled
FN:6,rejected
FN:7,step
FN:14,(anonymous_7)
FN:14,(anonymous_8)
FN:28,(anonymous_9)
FN:33,(anonymous_10)
FN:33,(anonymous_11)
FN:51,(anonymous_12)
FN:51,(anonymous_13)
FN:66,(anonymous_14)
FNF:15
FNH:1
FNDA:0,(anonymous_0)
FNDA:0,adopt
FNDA:0,(anonymous_2)
FNDA:0,(anonymous_3)
FNDA:0,fulfilled
FNDA:0,rejected
FNDA:0,step
FNDA:0,(anonymous_7)
FNDA:0,(anonymous_8)
FNDA:0,(anonymous_9)
FNDA:0,(anonymous_10)
FNDA:0,(anonymous_11)
FNDA:0,(anonymous_12)
FNDA:0,(anonymous_13)
FNDA:1,(anonymous_14)
DA:2,1
DA:3,0
DA:4,0
DA:5,0
DA:6,0
DA:7,0
DA:8,0
DA:11,1
DA:12,1
DA:13,1
DA:14,1
DA:15,0
DA:16,0
DA:17,0
DA:18,0
DA:19,0
DA:27,1
DA:28,1
DA:29,0
DA:30,0
DA:32,1
DA:33,1
DA:34,0
DA:37,0
DA:38,0
DA:40,0
DA:41,0
DA:42,0
DA:43,0
DA:45,0
DA:50,1
DA:51,1
DA:52,0
DA:57,0
DA:58,0
DA:61,0
DA:62,0
DA:65,1
DA:66,1
DA:67,1
DA:68,1
DA:69,1
DA:70,1
DA:72,0
DA:73,0
DA:74,0
DA:75,0
DA:77,1
LF:48
LH:18
BRDA:2,0,0,1
BRDA:2,0,1,1
BRDA:2,0,2,1
BRDA:3,1,0,0
BRDA:3,1,1,0
BRDA:4,2,0,0
BRDA:4,2,1,0
BRDA:7,3,0,0
BRDA:7,3,1,0
BRDA:8,4,0,0
BRDA:8,4,1,0
BRDA:40,5,0,0
BRDA:40,5,1,0
BRDA:57,6,0,0
BRDA:57,6,1,0
BRDA:68,7,0,1
BRDA:69,8,0,1
BRDA:69,8,1,0
BRF:18
BRH:5
end_of_record
TN:
SF:misc\jsonHandler.ts
FN:2,(anonymous_0)
FN:3,adopt
FN:3,(anonymous_2)
FN:4,(anonymous_3)
FN:5,fulfilled
FN:6,rejected
FN:7,step
FN:11,(anonymous_7)
FN:17,(anonymous_8)
FN:17,(anonymous_9)
FN:30,(anonymous_10)
FN:30,(anonymous_11)
FNF:12
FNH:11
FNDA:2,(anonymous_0)
FNDA:2,adopt
FNDA:2,(anonymous_2)
FNDA:2,(anonymous_3)
FNDA:2,fulfilled
FNDA:0,rejected
FNDA:2,step
FNDA:1,(anonymous_7)
FNDA:1,(anonymous_8)
FNDA:1,(anonymous_9)
FNDA:1,(anonymous_10)
FNDA:1,(anonymous_11)
DA:2,1
DA:3,2
DA:4,2
DA:5,2
DA:6,0
DA:7,2
DA:8,2
DA:11,1
DA:12,1
DA:14,1
DA:15,1
DA:16,1
DA:17,1
DA:18,1
DA:25,1
DA:26,1
DA:29,1
DA:30,1
DA:31,1
DA:32,1
DA:33,1
DA:35,0
DA:37,1
LF:23
LH:21
BRDA:2,0,0,1
BRDA:2,0,1,1
BRDA:2,0,2,1
BRDA:3,1,0,0
BRDA:3,1,1,2
BRDA:4,2,0,2
BRDA:4,2,1,2
BRDA:7,3,0,0
BRDA:7,3,1,2
BRDA:8,4,0,2
BRDA:8,4,1,2
BRDA:11,5,0,1
BRDA:11,5,1,1
BRDA:11,5,2,1
BRDA:12,6,0,0
BRDA:12,6,1,1
BRDA:12,7,0,1
BRDA:12,7,1,1
BRDA:25,8,0,1
BRDA:25,8,1,0
BRDA:32,9,0,1
BRDA:32,9,1,0
BRF:22
BRH:17
end_of_record
